<?xml version="1.0" encoding="UTF-8"?>
<!-- Generated by org.testng.reporters.JUnitReportReporter -->
<testsuite skipped="0" hostname="LAPTOP-15RBTEBO" name="org.testng.demo.Data_Provider" tests="3" failures="0" timestamp="2022-02-06T22:35:18 IST" time="0.026" errors="0">
  <testcase name="info" time="0.006" classname="org.testng.demo.Data_Provider"/>
  <system-out/>
  <testcase name="info" time="0.015" classname="org.testng.demo.Data_Provider"/>
  <system-out/>
  <testcase name="info" time="0.005" classname="org.testng.demo.Data_Provider"/>
  <system-out/>
</testsuite> <!-- org.testng.demo.Data_Provider -->
