<?xml version="1.0" encoding="UTF-8"?>
<!-- Generated by org.testng.reporters.JUnitReportReporter -->
<testsuite skipped="0" hostname="LAPTOP-15RBTEBO" name="org.testng.demo.Priority_Test" tests="4" failures="0" timestamp="2022-02-06T20:21:43 IST" time="0.054" errors="0">
  <testcase name="searchMobile" time="0.025" classname="org.testng.demo.Priority_Test"/>
  <system-out/>
  <testcase name="searchToothbrush" time="0.006" classname="org.testng.demo.Priority_Test"/>
  <system-out/>
  <testcase name="searchFurniture" time="0.011" classname="org.testng.demo.Priority_Test"/>
  <system-out/>
  <testcase name="searchLaptop" time="0.012" classname="org.testng.demo.Priority_Test"/>
  <system-out/>
</testsuite> <!-- org.testng.demo.Priority_Test -->
