<?xml version="1.0" encoding="UTF-8"?>
<!-- Generated by org.testng.reporters.JUnitReportReporter -->
<testsuite skipped="0" hostname="LAPTOP-15RBTEBO" name="org.testng.demo.Ignore_Test" tests="2" failures="0" timestamp="2022-02-06T19:32:12 IST" time="0.026" errors="0">
  <testcase name="searchToothbrush" time="0.011" classname="org.testng.demo.Ignore_Test"/>
  <system-out/>
  <testcase name="searchFurniture" time="0.015" classname="org.testng.demo.Ignore_Test"/>
  <system-out/>
</testsuite> <!-- org.testng.demo.Ignore_Test -->
