<?xml version="1.0" encoding="UTF-8"?>
<!-- Generated by org.testng.reporters.JUnitReportReporter -->
<testsuite skipped="1" hostname="LAPTOP-15RBTEBO" name="org.testng.demo.Simple_Annotations" tests="3" failures="0" timestamp="2022-02-06T18:08:16 IST" time="0.251" errors="0">
  <testcase name="searchFurniture" time="0.236" classname="org.testng.demo.Simple_Annotations"/>
  <system-out/>
  <testcase name="searchLaptop" time="0.015" classname="org.testng.demo.Simple_Annotations"/>
  <system-out/>
  <testcase name="searchMobile" classname="org.testng.demo.Simple_Annotations">
    <skipped/>
  </testcase> <!-- searchMobile -->
  <system-out/>
</testsuite> <!-- org.testng.demo.Simple_Annotations -->
