<?xml version="1.0" encoding="UTF-8"?>
<!-- Generated by org.testng.reporters.JUnitReportReporter -->
<testsuite skipped="0" hostname="LAPTOP-15RBTEBO" name="org.testng.demo.Exception_test" tests="2" failures="0" timestamp="2022-02-06T20:03:00 IST" time="0.019" errors="0">
  <testcase name="searchFurniture" time="0.005" classname="org.testng.demo.Exception_test"/>
  <system-out/>
  <testcase name="arithmeticOperation" time="0.014" classname="org.testng.demo.Exception_test"/>
  <system-out/>
</testsuite> <!-- org.testng.demo.Exception_test -->
