<?xml version="1.0" encoding="UTF-8"?>
<!-- Generated by org.testng.reporters.JUnitReportReporter -->
<testsuite skipped="0" hostname="LAPTOP-15RBTEBO" name="org.testng.demo.Grouping_Test" tests="4" failures="0" timestamp="2022-02-06T21:56:40 IST" time="0.030" errors="0">
  <testcase name="Address" time="0.021" classname="org.testng.demo.Grouping_Test"/>
  <system-out/>
  <testcase name="empName" time="0.004" classname="org.testng.demo.Grouping_Test"/>
  <system-out/>
  <testcase name="empId" time="0.002" classname="org.testng.demo.Grouping_Test"/>
  <system-out/>
  <testcase name="personalNum" time="0.003" classname="org.testng.demo.Grouping_Test"/>
  <system-out/>
</testsuite> <!-- org.testng.demo.Grouping_Test -->
