<?xml version="1.0" encoding="UTF-8"?>
<!-- Generated by org.testng.reporters.JUnitReportReporter -->
<testsuite skipped="0" hostname="LAPTOP-15RBTEBO" name="org.testng.demo.Invocation_Count" tests="7" failures="0" timestamp="2022-02-06T19:50:45 IST" time="0.072" errors="0">
  <testcase name="searchPencil" time="0.005" classname="org.testng.demo.Invocation_Count"/>
  <system-out/>
  <testcase name="searchPen" time="0.018" classname="org.testng.demo.Invocation_Count"/>
  <system-out/>
  <testcase name="searchPen" time="0.007" classname="org.testng.demo.Invocation_Count"/>
  <system-out/>
  <testcase name="searchPen" time="0.019" classname="org.testng.demo.Invocation_Count"/>
  <system-out/>
  <testcase name="searchPencil" time="0.006" classname="org.testng.demo.Invocation_Count"/>
  <system-out/>
  <testcase name="searchPen" time="0.010" classname="org.testng.demo.Invocation_Count"/>
  <system-out/>
  <testcase name="searchPen" time="0.007" classname="org.testng.demo.Invocation_Count"/>
  <system-out/>
</testsuite> <!-- org.testng.demo.Invocation_Count -->
