<?xml version="1.0" encoding="UTF-8"?>
<!-- Generated by org.testng.reporters.JUnitReportReporter -->
<testsuite skipped="0" hostname="LAPTOP-15RBTEBO" name="org.testng.demo.Parellel_Test" tests="2" failures="0" timestamp="2022-02-15T12:47:38 IST" time="122.544" errors="0">
  <testcase name="amazon" time="62.492" classname="org.testng.demo.Parellel_Test"/>
  <system-out/>
  <testcase name="flipkart" time="60.052" classname="org.testng.demo.Parellel_Test"/>
  <system-out/>
</testsuite> <!-- org.testng.demo.Parellel_Test -->
