<?xml version="1.0" encoding="UTF-8"?>
<!-- Generated by org.testng.reporters.JUnitReportReporter -->
<testsuite skipped="0" hostname="LAPTOP-15RBTEBO" name="org.testng.demo.Parameterized_Test" tests="2" failures="0" timestamp="2022-02-14T12:48:56 IST" time="0.032" errors="0">
  <testcase name="details" time="0.008" classname="org.testng.demo.Parameterized_Test"/>
  <system-out/>
  <testcase name="credentials" time="0.024" classname="org.testng.demo.Parameterized_Test"/>
  <system-out/>
</testsuite> <!-- org.testng.demo.Parameterized_Test -->
