<?xml version="1.0" encoding="UTF-8"?>
<!-- Generated by org.testng.reporters.JUnitReportReporter -->
<testsuite skipped="0" hostname="LAPTOP-15RBTEBO" name="org.testng.demo.Dependency" tests="3" failures="0" timestamp="2022-02-12T18:53:55 IST" time="0.032" errors="0">
  <testcase name="thridTest" time="0.004" classname="org.testng.demo.Dependency"/>
  <system-out/>
  <testcase name="secondTest" time="0.009" classname="org.testng.demo.Dependency"/>
  <system-out/>
  <testcase name="firstTest" time="0.019" classname="org.testng.demo.Dependency"/>
  <system-out/>
</testsuite> <!-- org.testng.demo.Dependency -->
